<?xml version="1.0" encoding="UTF-8"?>
<!-- Generated by org.testng.reporters.JUnitReportReporter -->
<testsuite hostname="bj" failures="0" tests="2" name="practiceTestNG.SampleTest" time="0.015" errors="0" timestamp="2026-08-14T12:40:09 IST" skipped="0">
  <testcase classname="practiceTestNG.SampleTest" name="createcontactWithMobileNumberTest" time="0.005"/>
  <testcase classname="practiceTestNG.SampleTest" name="createContactTest" time="0.010"/>
</testsuite> <!-- practiceTestNG.SampleTest -->
