<?xml version="1.0" encoding="UTF-8"?>
<!-- Generated by org.testng.reporters.JUnitReportReporter -->
<testsuite hostname="bj" failures="0" tests="1" name="practice.Homepage.Test.HomPageSampleTest" time="0.011" errors="0" timestamp="2026-08-21T15:28:01 IST" skipped="0">
  <testcase classname="practice.Homepage.Test.HomPageSampleTest" name="homepageTest" time="0.011">
    <system-out>
      <![CDATA[homepageTestTest Start
Step-1
Step-2
Step-3
Step-4
homepageTestTest End]]>
    </system-out>
  </testcase> <!-- homepageTest -->
  <system-out>
    <![CDATA[homepageTestTest Start
Step-1
Step-2
Step-3
Step-4
homepageTestTest End]]>
  </system-out>
</testsuite> <!-- practice.Homepage.Test.HomPageSampleTest -->
