<?xml version="1.0" encoding="UTF-8"?>
<!-- Generated by org.testng.reporters.JUnitReportReporter -->
<testsuite hostname="bj" failures="0" tests="3" name="practiceTestNG.UsingDependOnMethodTest" time="0.014" errors="0" timestamp="2026-08-14T15:00:26 IST" skipped="0">
  <testcase classname="practiceTestNG.UsingDependOnMethodTest" name="createContactTest" time="0.011"/>
  <testcase classname="practiceTestNG.UsingDependOnMethodTest" name="deleteContactTest" time="0.002"/>
  <testcase classname="practiceTestNG.UsingDependOnMethodTest" name="modifycontactTest" time="0.001"/>
</testsuite> <!-- practiceTestNG.UsingDependOnMethodTest -->
