<?xml version="1.0" encoding="UTF-8"?>
<!-- Generated by org.testng.reporters.JUnitReportReporter -->
<testsuite hostname="bj" failures="0" tests="2" name="practiceTestNG2.CreateContactTest" time="0.014" errors="0" timestamp="2026-08-19T11:24:19 IST" skipped="0">
  <testcase classname="practiceTestNG2.CreateContactTest" name="createContactWithDate" time="0.007"/>
  <testcase classname="practiceTestNG2.CreateContactTest" name="createContact" time="0.007"/>
</testsuite> <!-- practiceTestNG2.CreateContactTest -->
