<?xml version="1.0" encoding="UTF-8"?>
<!-- Generated by org.testng.reporters.JUnitReportReporter -->
<testsuite hostname="bj" failures="0" tests="3" name="testNG.DataProviderEg" time="0.026" errors="0" timestamp="2026-08-05T09:40:47 IST" skipped="0">
  <testcase classname="testNG.DataProviderEg" name="info" time="0.001"/>
  <testcase classname="testNG.DataProviderEg" name="info" time="0.019"/>
  <testcase classname="testNG.DataProviderEg" name="info" time="0.006"/>
</testsuite> <!-- testNG.DataProviderEg -->
