<?xml version="1.0" encoding="UTF-8"?>
<!-- Generated by org.testng.reporters.JUnitReportReporter -->
<testsuite hostname="bj" failures="0" tests="3" name="practiceTestNG.CreateContact_DP_Test" time="0.013" errors="0" timestamp="2026-08-14T15:44:52 IST" skipped="0">
  <testcase classname="practiceTestNG.CreateContact_DP_Test" name="createContactTest" time="0.009"/>
  <testcase classname="practiceTestNG.CreateContact_DP_Test" name="createContactTest" time="0.001"/>
  <testcase classname="practiceTestNG.CreateContact_DP_Test" name="createContactTest" time="0.003"/>
</testsuite> <!-- practiceTestNG.CreateContact_DP_Test -->
