<?xml version="1.0" encoding="UTF-8"?>
<!-- Generated by org.testng.reporters.JUnitReportReporter -->
<testsuite hostname="bj" failures="0" tests="3" name="practiceTestNG.CreateContactTest" time="0.015" errors="0" timestamp="2026-08-14T13:06:39 IST" skipped="0">
  <testcase classname="practiceTestNG.CreateContactTest" name="login" time="0.003"/>
  <testcase classname="practiceTestNG.CreateContactTest" name="navigateTocontactTest" time="0.001"/>
  <testcase classname="practiceTestNG.CreateContactTest" name="createcontactTest" time="0.011"/>
</testsuite> <!-- practiceTestNG.CreateContactTest -->
