<?xml version="1.0" encoding="UTF-8"?>
<!-- Generated by org.testng.reporters.JUnitReportReporter -->
<testsuite hostname="bj" failures="0" tests="2" name="practiceTestNG.GetProductInfoTest3" time="22.503" errors="0" timestamp="2026-08-18T15:14:58 IST" skipped="0">
  <testcase classname="practiceTestNG.GetProductInfoTest3" name="getProductInfoTest3" time="10.203"/>
  <testcase classname="practiceTestNG.GetProductInfoTest3" name="getProductInfoTest3" time="12.300"/>
</testsuite> <!-- practiceTestNG.GetProductInfoTest3 -->
