<?xml version="1.0" encoding="UTF-8"?>
<!-- Generated by org.testng.reporters.JUnitReportReporter -->
<testsuite hostname="bj" failures="0" tests="3" name="practiceOrgTest.CreateContactTest3" time="126.903" errors="0" timestamp="2026-08-20T11:06:26 IST" skipped="0">
  <testcase classname="practiceOrgTest.CreateContactTest3" name="createContactWithSupportDateTest" time="34.960"/>
  <testcase classname="practiceOrgTest.CreateContactTest3" name="createContactWithOrgTest" time="62.150"/>
  <testcase classname="practiceOrgTest.CreateContactTest3" name="CreatContactTest3" time="29.793"/>
</testsuite> <!-- practiceOrgTest.CreateContactTest3 -->
