<?xml version="1.0" encoding="UTF-8"?>
<!-- Generated by org.testng.reporters.JUnitReportReporter -->
<testsuite hostname="bj" failures="0" tests="11" name="practiceTestNG.OrederUsingInvocationTest" time="0.034" errors="0" timestamp="2026-08-14T15:03:58 IST" skipped="1">
  <testcase classname="practiceTestNG.OrederUsingInvocationTest" name="createOrderTest" time="0.002"/>
  <testcase classname="practiceTestNG.OrederUsingInvocationTest" name="createOrderTest" time="0.002"/>
  <testcase classname="practiceTestNG.OrederUsingInvocationTest" name="createOrderTest" time="0.003"/>
  <testcase classname="practiceTestNG.OrederUsingInvocationTest" name="createOrderTest" time="0.001"/>
  <testcase classname="practiceTestNG.OrederUsingInvocationTest" name="createOrderTest" time="0.003"/>
  <testcase classname="practiceTestNG.OrederUsingInvocationTest" name="createOrderTest" time="0.004"/>
  <testcase classname="practiceTestNG.OrederUsingInvocationTest" name="createOrderTest" time="0.009"/>
  <testcase classname="practiceTestNG.OrederUsingInvocationTest" name="createOrderTest" time="0.002"/>
  <testcase classname="practiceTestNG.OrederUsingInvocationTest" name="createOrderTest" time="0.006"/>
  <testcase classname="practiceTestNG.OrederUsingInvocationTest" name="createOrderTest" time="0.002"/>
  <testcase classname="practiceTestNG.OrederUsingInvocationTest" name="billingAnOrderTest">
    <skipped/>
  </testcase> <!-- billingAnOrderTest -->
</testsuite> <!-- practiceTestNG.OrederUsingInvocationTest -->
