<?xml version="1.0" encoding="UTF-8"?>
<!-- Generated by org.testng.reporters.JUnitReportReporter -->
<testsuite hostname="bj" failures="0" tests="2" name="practiceTestNG.ContactTest" time="0.011" errors="0" timestamp="2026-08-14T13:06:46 IST" skipped="0">
  <testcase classname="practiceTestNG.ContactTest" name="createcontactWithMobileNumberTest" time="0.002"/>
  <testcase classname="practiceTestNG.ContactTest" name="createContactTest" time="0.009"/>
</testsuite> <!-- practiceTestNG.ContactTest -->
