<?xml version="1.0" encoding="UTF-8"?>
<!-- Generated by org.testng.reporters.JUnitReportReporter -->
<testsuite hostname="bj" failures="0" tests="3" name="practiceTestNG.ContactUsingPriorityTest" time="0.012" errors="0" timestamp="2026-08-14T14:59:14 IST" skipped="0">
  <testcase classname="practiceTestNG.ContactUsingPriorityTest" name="createContactTest" time="0.008"/>
  <testcase classname="practiceTestNG.ContactUsingPriorityTest" name="modifycontactTest" time="0.003"/>
  <testcase classname="practiceTestNG.ContactUsingPriorityTest" name="deleteContactTest" time="0.001"/>
</testsuite> <!-- practiceTestNG.ContactUsingPriorityTest -->
