<?xml version="1.0" encoding="UTF-8"?>
<!-- Generated by org.testng.reporters.JUnitReportReporter -->
<testsuite hostname="bj" failures="0" tests="3" name="testNG.TestClass2" time="0.031" errors="0" timestamp="2026-07-31T18:24:08 IST" skipped="0">
  <testcase classname="testNG.TestClass2" name="testMethod4" time="0.016"/>
  <testcase classname="testNG.TestClass2" name="testMethod6" time="0.004"/>
  <testcase classname="testNG.TestClass2" name="testMethod5" time="0.011"/>
</testsuite> <!-- testNG.TestClass2 -->
