<?xml version="1.0" encoding="UTF-8"?>
<!-- Generated by org.testng.reporters.JUnitReportReporter -->
<testsuite hostname="bj" failures="0" tests="3" name="testNG.TestClass1" time="0.018" errors="0" timestamp="2026-07-31T18:24:08 IST" skipped="0">
  <testcase classname="testNG.TestClass1" name="testMethod1" time="0.004"/>
  <testcase classname="testNG.TestClass1" name="testMethod3" time="0.008"/>
  <testcase classname="testNG.TestClass1" name="testMethod2" time="0.006"/>
</testsuite> <!-- testNG.TestClass1 -->
