<?xml version="1.0" encoding="UTF-8"?>
<!-- Generated by org.testng.reporters.JUnitReportReporter -->
<testsuite hostname="bj" failures="0" tests="1" name="practiceTestNG2.Demo_ConfigurationAnnotation" time="0.008" errors="0" timestamp="2026-08-19T10:56:13 IST" skipped="0">
  <testcase classname="practiceTestNG2.Demo_ConfigurationAnnotation" name="test" time="0.008">
    <system-out>
      <![CDATA[purchase book - test]]>
    </system-out>
  </testcase> <!-- test -->
  <system-out>
    <![CDATA[Database connectivity estalished - beforeSuite
Reports intialized - beforetest
Launch Browser - beforeClass
purchase book - test
Close Browser - afterClass
Reporter backup - aftertest
Database connectivity terminated - afterSuite]]>
  </system-out>
</testsuite> <!-- practiceTestNG2.Demo_ConfigurationAnnotation -->
