<?xml version="1.0" encoding="UTF-8"?>
<!-- Generated by org.testng.reporters.JUnitXMLReporter -->
<testsuite ignored="2" hostname="bj" failures="0" tests="1" name="Default test" time="36.433" errors="0" timestamp="2026-09-01T10:49:27 IST">
  <testcase classname="create.Org.Test.CreateOrganizationTest" name="createOrganizationTest" time="18.847"/>
  <testcase classname="create.Org.Test.CreateOrganizationTest" name="createOrganizationWithIndustryTest" time="0.0">
    <ignored/>
  </testcase> <!-- createOrganizationWithIndustryTest -->
  <testcase classname="create.Org.Test.CreateOrganizationTest" name="createOrganizationWithPhoneNumberTest" time="0.0">
    <ignored/>
  </testcase> <!-- createOrganizationWithPhoneNumberTest -->
</testsuite> <!-- Default test -->
