<?xml version="1.0" encoding="UTF-8"?>
<!-- Generated by org.testng.reporters.JUnitXMLReporter -->
<testsuite ignored="0" hostname="bj" failures="0" tests="3" name="Test-1" time="135.228" errors="0" timestamp="2026-08-20T16:08:22 IST">
  <testcase classname="create.Org.Test.CreateOrganizationTest" name="createOrganizationTest" time="26.291"/>
  <testcase classname="create.Org.Test.CreateOrganizationTest" name="createOrganizationWithIndustryTest" time="27.961"/>
  <testcase classname="create.Org.Test.CreateOrganizationTest" name="createOrganizationWithPhoneNumberTest" time="33.558"/>
</testsuite> <!-- Test-1 -->
