<?xml version="1.0" encoding="UTF-8"?>
<!-- Generated by org.testng.reporters.JUnitXMLReporter -->
<testsuite ignored="2" hostname="bj" failures="0" tests="6" name="TestRunner-Edge" time="208.684" errors="0" timestamp="2026-08-20T17:01:13 IST">
  <testcase classname="practice.contact.Test.CreateContactTest3" name="CreatContactTest3" time="19.959"/>
  <testcase classname="practice.contact.Test.CreateContactTest3" name="createContactWithOrgTest" time="41.647"/>
  <testcase classname="practice.contact.Test.CreateContactTest3" name="createContactWithSupportDateTest" time="22.097"/>
  <testcase classname="create.Org.Test.CreateOrganizationTest" name="createOrganizationTest" time="21.471"/>
  <testcase classname="create.Org.Test.CreateOrganizationTest" name="createOrganizationWithIndustryTest" time="23.955"/>
  <testcase classname="create.Org.Test.CreateOrganizationTest" name="createOrganizationWithPhoneNumberTest" time="23.221"/>
  <testcase classname="baseClass.BaseClass2" name="@BeforeSuite configBS" time="0.0">
    <ignored/>
  </testcase> <!-- @BeforeSuite configBS -->
  <testcase classname="baseClass.BaseClass2" name="@AfterSuite configAS" time="0.0">
    <ignored/>
  </testcase> <!-- @AfterSuite configAS -->
</testsuite> <!-- TestRunner-Edge -->
