<?xml version="1.0" encoding="UTF-8"?>
<!-- Generated by org.testng.reporters.JUnitXMLReporter -->
<testsuite ignored="2" hostname="bj" failures="0" tests="6" name="TestRunner-Chrome" time="202.974" errors="0" timestamp="2026-08-20T17:01:07 IST">
  <testcase classname="practice.contact.Test.CreateContactTest3" name="CreatContactTest3" time="21.37"/>
  <testcase classname="practice.contact.Test.CreateContactTest3" name="createContactWithOrgTest" time="43.597"/>
  <testcase classname="practice.contact.Test.CreateContactTest3" name="createContactWithSupportDateTest" time="24.093"/>
  <testcase classname="create.Org.Test.CreateOrganizationTest" name="createOrganizationTest" time="28.904"/>
  <testcase classname="create.Org.Test.CreateOrganizationTest" name="createOrganizationWithIndustryTest" time="21.981"/>
  <testcase classname="create.Org.Test.CreateOrganizationTest" name="createOrganizationWithPhoneNumberTest" time="24.932"/>
  <testcase classname="baseClass.BaseClass2" name="@BeforeSuite configBS" time="0.0">
    <ignored/>
  </testcase> <!-- @BeforeSuite configBS -->
  <testcase classname="baseClass.BaseClass2" name="@AfterSuite configAS" time="0.0">
    <ignored/>
  </testcase> <!-- @AfterSuite configAS -->
</testsuite> <!-- TestRunner-Chrome -->
