<?xml version="1.0" encoding="UTF-8"?>
<!-- Generated by org.testng.reporters.JUnitXMLReporter -->
<testsuite ignored="0" hostname="bj" failures="0" tests="3" name="Test-2" time="150.346" errors="0" timestamp="2026-08-20T16:08:37 IST">
  <testcase classname="practice.contact.Test.CreateContactTest3" name="CreatContactTest3" time="26.147"/>
  <testcase classname="practice.contact.Test.CreateContactTest3" name="createContactWithOrgTest" time="49.007"/>
  <testcase classname="practice.contact.Test.CreateContactTest3" name="createContactWithSupportDateTest" time="28.405"/>
</testsuite> <!-- Test-2 -->
